Rendering to 1024x1024 image
Loaded scene with 1217 circles
Loaded scene with 1217 circles
---------------------------------------------------------
Initializing CUDA for CudaRenderer
Found 1 CUDA devices
Device 0: NVIDIA GeForce GTX 1660 Ti
   SMs:        24
   Global mem: 5945 MB
   CUDA Cap:   7.5
---------------------------------------------------------

Running benchmark, 1 frames, beginning at frame 0 ...
Dumping frames to output_xxx.ppm
Copying image data from device
Wrote image file output_0000.ppm
Copying image data from device
***************** Correctness check passed **************************
Clear:    0.0850 ms
Advance:  0.0008 ms
Render:   0.0144 ms
Total:    0.1002 ms
File IO:  70.0722 ms

Overall:  0.0899 sec (note units are seconds)
