Rendering to 1024x1024 image
Loaded scene with 315 circles
Loaded scene with 315 circles
---------------------------------------------------------
Initializing CUDA for CudaRenderer
Found 1 CUDA devices
Device 0: NVIDIA GeForce GTX 1660 Ti
   SMs:        24
   Global mem: 5945 MB
   CUDA Cap:   7.5
---------------------------------------------------------

Running benchmark, 1 frames, beginning at frame 0 ...
Dumping frames to output_xxx.ppm
Copying image data from device
Wrote image file output_0000.ppm
Copying image data from device
***************** Correctness check passed **************************
Clear:    0.0887 ms
Advance:  0.0087 ms
Render:   0.0036 ms
Total:    0.1010 ms
File IO:  64.2417 ms

Overall:  0.0776 sec (note units are seconds)
