Rendering to 1024x1024 image
Loaded data for 100000 circles from snow.par
Loaded scene with 100000 circles
---------------------------------------------------------
Initializing CUDA for CudaRenderer
Found 1 CUDA devices
Device 0: NVIDIA GeForce GTX 1660 Ti
   SMs:        24
   Global mem: 5945 MB
   CUDA Cap:   7.5
---------------------------------------------------------
WARNING: You're not running on a fast GPU, please consider using NVIDIA GTX 480, 670 or 780.
---------------------------------------------------------

Running benchmark, 4 frames, beginning at frame 0 ...
Dumping frames to output_xxx.ppm
Copying image data from device
Wrote image file output_0000.ppm
Copying image data from device
Wrote image file output_0001.ppm
Copying image data from device
Wrote image file output_0002.ppm
Copying image data from device
Wrote image file output_0003.ppm
Clear:    0.0798 ms
Advance:  0.0007 ms
Render:   22.8319 ms
Total:    22.9124 ms
File IO:  59.8454 ms

Overall:  0.3311 sec (note units are seconds)
